<?xml version="1.0" encoding="UTF-8"?>
<!-- Generated by org.testng.reporters.JUnitReportReporter -->
<testsuite hostname="DESKTOP-UOA56OT" name="TestPackage1.Thirdtest" tests="3" failures="0" timestamp="24 Aug 2020 04:04:24 GMT" time="45.751" errors="0">
  <testcase name="b" time="15.554" classname="TestPackage1.Thirdtest"/>
  <testcase name="a" time="15.351" classname="TestPackage1.Thirdtest"/>
  <testcase name="c" time="14.846" classname="TestPackage1.Thirdtest"/>
</testsuite> <!-- TestPackage1.Thirdtest -->
