<?xml version="1.0" encoding="UTF-8"?>
<!-- Generated by org.testng.reporters.JUnitReportReporter -->
<testsuite hostname="DESKTOP-UOA56OT" name="TestPackage1.Fourthtest" tests="2" failures="0" timestamp="24 Aug 2020 12:51:35 GMT" time="31.228" errors="0">
  <testcase name="c" time="15.180" classname="TestPackage1.Fourthtest"/>
  <testcase name="b" time="16.048" classname="TestPackage1.Fourthtest"/>
</testsuite> <!-- TestPackage1.Fourthtest -->
