<?xml version="1.0" encoding="UTF-8"?>
<!-- Generated by org.testng.reporters.JUnitReportReporter -->
<testsuite hostname="DESKTOP-UOA56OT" name="TestPackage2.Test2" tests="1" failures="0" timestamp="25 Aug 2020 01:50:23 GMT" time="15.321" errors="0">
  <testcase name="c" time="15.321" classname="TestPackage2.Test2"/>
</testsuite> <!-- TestPackage2.Test2 -->
