<?xml version="1.0" encoding="UTF-8"?>
<!-- Generated by org.testng.reporters.JUnitReportReporter -->
<testsuite hostname="DESKTOP-UOA56OT" name="TestPackage2.Test3" tests="1" failures="0" timestamp="25 Aug 2020 02:23:07 GMT" time="15.499" errors="0">
  <testcase name="b" time="15.499" classname="TestPackage2.Test3"/>
</testsuite> <!-- TestPackage2.Test3 -->
