<?xml version="1.0" encoding="UTF-8"?>
<!-- Generated by org.testng.reporters.JUnitReportReporter -->
<testsuite hostname="DESKTOP-UOA56OT" name="TestPackage.SecondTest" tests="3" failures="0" timestamp="20 Aug 2020 06:20:35 GMT" time="34.084" errors="0">
  <testcase name="test2" time="8.348" classname="TestPackage.SecondTest"/>
  <testcase name="test1" time="8.429" classname="TestPackage.SecondTest"/>
  <testcase name="test" time="17.307" classname="TestPackage.SecondTest"/>
</testsuite> <!-- TestPackage.SecondTest -->
